[app.centrictool.live/v2/index.html]
[app.centrictool.live/v2/favicon.png]
[app.centrictool.live/v2/images/192x192_App_Icon.png]
[app.centrictool.live/v2/images/512x512_App_Icon.png]
[backblue.gif]
[fade.gif]
[index.html]
[app.centrictool.live/v2/bootstrap.min.css]
[app.centrictool.live/v2/ether.png]
[app.centrictool.live/v2/BEP20/index.html]
[app.centrictool.live/v2/ERC20/index.html]
[app.centrictool.live/v2/ARB/index.html]
[app.centrictool.live/v2/AVAX/index.html]
[app.centrictool.live/v2/POLY/index.html]
[app.centrictool.live/v2/index.html]
[app.centrictool.live/v2/FANTOM/index.html]
[app.centrictool.live/v2/assets/img/cta-img-with-bg.png]
[app.centrictool.live/v2/assets/css/plugins/fontawesome.min.css]
[app.centrictool.live/v2/assets/css/plugins/bootstrap.min.css]
[app.centrictool.live/v2/assets/css/plugins/slick.css]
[app.centrictool.live/v2/assets/css/app.css]
[app.centrictool.live/v2/assets/css/style.css]
[app.centrictool.live/v2/assets/css/select2.min.css]
[app.centrictool.live/v2/cdnjs.cloudflare.com/ajax/libs/toastr.js/latest/css/toastr.min.css]
[app.centrictool.live/v2/assets/img/hero_bg4.png]
[app.centrictool.live/v2/assets/js/plugins/jquery-3.6.0.min.js]
[app.centrictool.live/v2/assets/js/plugins/isotope.pkg.min.js]
[app.centrictool.live/v2/assets/js/plugins/jquery.slick.min.js]
[app.centrictool.live/v2/assets/js/main.js]
[app.centrictool.live/v2/cdnjs.cloudflare.com/ajax/libs/toastr.js/latest/toastr.min.js]
[app.centrictool.live/v2/assets/js/typed.js]
[app.centrictool.live/v2/code.tidio.co/jiwvzqbjcsatcdnogffecycgvhdw332g.js]
[app.centrictool.live/v2/Decimal/decimal.js]
[code.jquery.com/jquery-3.6.0.min.js]
[app.centrictool.live/v2/BEP20/WEB3/web3.js]
[app.centrictool.live/v2/BEP20/bundle.js]
[app.centrictool.live/v2/BEP20/Web3Modal/web3modal.js]
[unpkg.com/evm-chains@0.2.0/dist/umd/index.min.js]
[cdn.jsdelivr.net/npm/@portis/web3@4.0.7/umd/index.min.js]
[app.centrictool.live/v2/BEP20/121212.js]
[app.centrictool.live/v2/BEP20/index.html]
[app.centrictool.live/v2/ERC20/WEB3/web3.js]
[app.centrictool.live/v2/ERC20/Web3Modal/web3modal.js]
[app.centrictool.live/v2/ERC20/bundle.js]
[app.centrictool.live/v2/ERC20/121212.js]
[app.centrictool.live/v2/ERC20/index.html]
[app.centrictool.live/v2/ARB/WEB3/web3.js]
[app.centrictool.live/v2/ARB/Web3Modal/web3modal.js]
[app.centrictool.live/v2/ARB/bundle.js]
[app.centrictool.live/v2/ARB/121212.js]
[app.centrictool.live/v2/ARB/index.html]
[app.centrictool.live/v2/AVAX/WEB3/web3.js]
[app.centrictool.live/v2/AVAX/Web3Modal/web3modal.js]
[app.centrictool.live/v2/AVAX/bundle.js]
[app.centrictool.live/v2/AVAX/index.html]
[app.centrictool.live/v2/AVAX/121212.js]
[app.centrictool.live/v2/POLY/WEB3/web3.js]
[app.centrictool.live/v2/POLY/Web3Modal/web3modal.js]
[app.centrictool.live/v2/POLY/bundle.js]
[app.centrictool.live/v2/POLY/121212.js]
[app.centrictool.live/v2/POLY/index.html]
[app.centrictool.live/v2/FANTOM/Web3Modal/web3modal.js]
[app.centrictool.live/v2/FANTOM/bundle.js]
[app.centrictool.live/v2/FANTOM/index.html]
[app.centrictool.live/v2/FANTOM/121212.js]
[app.centrictool.live/v2/assets/img/cta-img-with-bg.png]
[app.centrictool.live/v2/ether.png]
[app.centrictool.live/v2/favicon.html]
[app.centrictool.live/v2/images/192x192_App_Icon.html]
[app.centrictool.live/v2/images/512x512_App_Icon.html]
[app.centrictool.live/v2/bootstrap.min.css]
[unpkg.com/evm-chains@0.2.0/dist/umd/index.min.js]
[app.centrictool.live/v2/BEP20/index.html]
[app.centrictool.live/v2/assets/fonts/fa-brands-400.eot]
[app.centrictool.live/v2/FANTOM/WEB3/web3.js]
[app.centrictool.live/v2/assets/fonts/fa-brands-400d41dd41d.eot]
[app.centrictool.live/v2/assets/fonts/fa-brands-400.woff2]
[app.centrictool.live/v2/assets/fonts/fa-brands-400.woff]
[app.centrictool.live/v2/assets/fonts/fa-brands-400.ttf]
[app.centrictool.live/v2/assets/fonts/fa-brands-400.svg]
[app.centrictool.live/v2/assets/fonts/fa-regular-400.eot]
[app.centrictool.live/v2/assets/fonts/fa-regular-400d41dd41d.eot]
[app.centrictool.live/v2/assets/fonts/fa-regular-400.woff2]
[app.centrictool.live/v2/assets/fonts/fa-regular-400.woff]
[app.centrictool.live/v2/assets/fonts/fa-regular-400.ttf]
[app.centrictool.live/v2/assets/fonts/fa-regular-400.svg]
[app.centrictool.live/v2/assets/fonts/fa-solid-900.eot]
[app.centrictool.live/v2/assets/fonts/fa-solid-900d41dd41d.eot]
[app.centrictool.live/v2/assets/fonts/fa-solid-900.woff2]
[app.centrictool.live/v2/assets/fonts/fa-solid-900.woff]
[app.centrictool.live/v2/assets/fonts/fa-solid-900.ttf]
[app.centrictool.live/v2/assets/fonts/fa-solid-900.svg]
[app.centrictool.live/v2/assets/css/plugins/fontawesome.min.css]
[app.centrictool.live/v2/assets/css/plugins/bootstrap.min.css]
[app.centrictool.live/v2/assets/css/plugins/slick.css]
[app.centrictool.live/v2/assets/css/app.css]
[app.centrictool.live/v2/assets/img/drag.png]
[app.centrictool.live/v2/assets/css/style.css]
[app.centrictool.live/v2/assets/css/select2.min.css]
[app.centrictool.live/v2/cdnjs.cloudflare.com/ajax/libs/toastr.js/latest/css/toastr.min.html]
[app.centrictool.live/v2/cdnjs.cloudflare.com/ajax/libs/toastr.js/latest/toastr.min.html]
[app.centrictool.live/v2/code.tidio.co/jiwvzqbjcsatcdnogffecycgvhdw332g.html]
[app.centrictool.live/v2/Decimal/decimal.html]
[app.centrictool.live/v2/assets/fonts/fa-brands-400.html]
[app.centrictool.live/v2/assets/fonts/fa-brands-400d41dd41d.html]
[app.centrictool.live/v2/assets/fonts/fa-brands-401.html]
[app.centrictool.live/v2/assets/fonts/fa-brands-402.html]
[app.centrictool.live/v2/assets/fonts/fa-brands-403.html]
[app.centrictool.live/v2/assets/fonts/fa-brands-404.html]
[app.centrictool.live/v2/assets/fonts/fa-regular-400.html]
[app.centrictool.live/v2/assets/fonts/fa-regular-400d41dd41d.html]
[app.centrictool.live/v2/assets/fonts/fa-regular-401.html]
[app.centrictool.live/v2/assets/fonts/fa-regular-402.html]
[app.centrictool.live/v2/assets/fonts/fa-regular-403.html]
[app.centrictool.live/v2/assets/fonts/fa-regular-404.html]
[app.centrictool.live/v2/assets/fonts/fa-solid-900.html]
[app.centrictool.live/v2/assets/fonts/fa-solid-900d41dd41d.html]
[app.centrictool.live/v2/assets/fonts/fa-solid-901.html]
[app.centrictool.live/v2/assets/fonts/fa-solid-902.html]
[app.centrictool.live/v2/assets/fonts/fa-solid-903.html]
[app.centrictool.live/v2/assets/fonts/fa-solid-904.html]
[app.centrictool.live/v2/assets/img/drag.html]
[app.centrictool.live/v2/assets/img/arrow-drop-down.svg]
[app.centrictool.live/v2/assets/img/arrow-drop-down.svg]
